<?xml version="1.0" encoding="UTF-8"?>
<testng-results ignored="0" total="0" passed="0" failed="0" skipped="0">
  <reporter-output>
  </reporter-output>
  <suite started-at="2022-05-30T12:10:56Z" name="All Test Suite" finished-at="2022-05-30T12:10:56Z" duration-ms="6">
    <groups>
    </groups>
    <test started-at="2022-05-30T12:10:56Z" name="First Test Case" finished-at="2022-05-30T12:10:56Z" duration-ms="6">
    </test> <!-- First Test Case -->
  </suite> <!-- All Test Suite -->
</testng-results>
